<?xml version="1.0" encoding="UTF-8"?>
<testsuite xmlns:xsi="http://www.w3.org/2001/XMLSchema-instance" xsi:noNamespaceSchemaLocation="https://maven.apache.org/surefire/maven-surefire-plugin/xsd/surefire-test-report-3.0.xsd" version="3.0" name="com.sistemabancario.model.ContaTest" time="0.112" tests="10" errors="1" skipped="0" failures="0">
  <properties>
[...]
</properties>
  <testcase name="testGetSaldoTotal" classname="com.sistemabancario.model.ContaTest" time="0.046"/>
  <testcase name="testSetLimiteContaEspecial" classname="com.sistemabancario.model.ContaTest" time="0.001"/>
  <testcase name="testHistoricoNotNull" classname="com.sistemabancario.model.ContaTest" time="0.002"/>
  <testcase name="testSetLimiteContaNaoEspecial" classname="com.sistemabancario.model.ContaTest" time="0.005"/>
  <testcase name="testDepositoDinheiro" classname="com.sistemabancario.model.ContaTest" time="0.001"/>
  <testcase name="testSetNumeroValido" classname="com.sistemabancario.model.ContaTest" time="0.001"/>
  <testcase name="testAddMovimentacaoCredito" classname="com.sistemabancario.model.ContaTest" time="0.002"/>
  <testcase name="testAddMovimentacaoDebito" classname="com.sistemabancario.model.ContaTest" time="0.003">
    <error type="java.lang.IllegalStateException"><![CDATA[java.lang.IllegalStateException: Valor superior ao saldo da conta.
	at com.sistemabancario.model.ContaTest.testAddMovimentacaoDebito(ContaTest.java:120)
]]></error>
  </testcase>
  <testcase name="testInstanciaPadraoPoupanca" classname="com.sistemabancario.model.ContaTest" time="0.001"/>
  <testcase name="testSetNumeroInvalidoNaoArmazena" classname="com.sistemabancario.model.ContaTest" time="0.002"/>
</testsuite>